<?xml version="1.0" encoding="UTF-8"?>
<testng-results skipped="0" failed="0" total="2" passed="2">
  <reporter-output>
  </reporter-output>
  <suite name="Default suite" duration-ms="20" started-at="2019-11-18T09:57:21Z" finished-at="2019-11-18T09:57:21Z">
    <groups>
    </groups>
    <test name="Default test" duration-ms="20" started-at="2019-11-18T09:57:21Z" finished-at="2019-11-18T09:57:21Z">
      <class name="webdriverSessions.TestNG">
        <test-method status="PASS" signature="setup()[pri:0, instance:webdriverSessions.TestNG@3ffc5af1]" name="setup" is-config="true" duration-ms="10" started-at="2019-11-18T15:27:21Z" finished-at="2019-11-18T15:27:21Z">
          <reporter-output>
          </reporter-output>
        </test-method> <!-- setup -->
        <test-method status="PASS" signature="LaunchBrowser()[pri:0, instance:webdriverSessions.TestNG@3ffc5af1]" name="LaunchBrowser" is-config="true" duration-ms="1" started-at="2019-11-18T15:27:21Z" finished-at="2019-11-18T15:27:21Z">
          <reporter-output>
          </reporter-output>
        </test-method> <!-- LaunchBrowser -->
        <test-method status="PASS" signature="login()[pri:0, instance:webdriverSessions.TestNG@3ffc5af1]" name="login" is-config="true" duration-ms="0" started-at="2019-11-18T15:27:21Z" finished-at="2019-11-18T15:27:21Z">
          <reporter-output>
          </reporter-output>
        </test-method> <!-- login -->
        <test-method status="PASS" signature="enterurl()[pri:0, instance:webdriverSessions.TestNG@3ffc5af1]" name="enterurl" is-config="true" duration-ms="0" started-at="2019-11-18T15:27:21Z" finished-at="2019-11-18T15:27:21Z">
          <reporter-output>
          </reporter-output>
        </test-method> <!-- enterurl -->
        <test-method status="PASS" signature="testpassword()[pri:2, instance:webdriverSessions.TestNG@3ffc5af1]" name="testpassword" duration-ms="5" started-at="2019-11-18T15:27:21Z" finished-at="2019-11-18T15:27:21Z">
          <reporter-output>
          </reporter-output>
        </test-method> <!-- testpassword -->
        <test-method status="PASS" signature="enterurl()[pri:0, instance:webdriverSessions.TestNG@3ffc5af1]" name="enterurl" is-config="true" duration-ms="1" started-at="2019-11-18T15:27:21Z" finished-at="2019-11-18T15:27:21Z">
          <reporter-output>
          </reporter-output>
        </test-method> <!-- enterurl -->
        <test-method status="PASS" signature="logout()[pri:0, instance:webdriverSessions.TestNG@3ffc5af1]" name="logout" is-config="true" duration-ms="0" started-at="2019-11-18T15:27:21Z" finished-at="2019-11-18T15:27:21Z">
          <reporter-output>
          </reporter-output>
        </test-method> <!-- logout -->
        <test-method status="PASS" signature="testuserid()[pri:3, instance:webdriverSessions.TestNG@3ffc5af1]" name="testuserid" duration-ms="1" started-at="2019-11-18T15:27:21Z" finished-at="2019-11-18T15:27:21Z">
          <reporter-output>
          </reporter-output>
        </test-method> <!-- testuserid -->
        <test-method status="PASS" signature="logout()[pri:0, instance:webdriverSessions.TestNG@3ffc5af1]" name="logout" is-config="true" duration-ms="1" started-at="2019-11-18T15:27:21Z" finished-at="2019-11-18T15:27:21Z">
          <reporter-output>
          </reporter-output>
        </test-method> <!-- logout -->
        <test-method status="PASS" signature="quitbrowser()[pri:0, instance:webdriverSessions.TestNG@3ffc5af1]" name="quitbrowser" is-config="true" duration-ms="0" started-at="2019-11-18T15:27:21Z" finished-at="2019-11-18T15:27:21Z">
          <reporter-output>
          </reporter-output>
        </test-method> <!-- quitbrowser -->
        <test-method status="PASS" signature="DeleteCookies()[pri:0, instance:webdriverSessions.TestNG@3ffc5af1]" name="DeleteCookies" is-config="true" duration-ms="0" started-at="2019-11-18T15:27:21Z" finished-at="2019-11-18T15:27:21Z">
          <reporter-output>
          </reporter-output>
        </test-method> <!-- DeleteCookies -->
        <test-method status="PASS" signature="generatetestReport()[pri:0, instance:webdriverSessions.TestNG@3ffc5af1]" name="generatetestReport" is-config="true" duration-ms="0" started-at="2019-11-18T15:27:21Z" finished-at="2019-11-18T15:27:21Z">
          <reporter-output>
          </reporter-output>
        </test-method> <!-- generatetestReport -->
      </class> <!-- webdriverSessions.TestNG -->
    </test> <!-- Default test -->
  </suite> <!-- Default suite -->
</testng-results>
